0 info it worked if it ends with ok
1 verbose cli [ '/usr/local/bin/node', '/usr/local/bin/npm', 'publish', '.' ]
2 info using npm@4.0.5
3 info using node@v4.4.7
4 verbose publish [ '.' ]
5 silly cache add args [ '.', null ]
6 verbose cache add spec .
7 silly cache add parsed spec Result {
7 silly cache add   raw: '.',
7 silly cache add   scope: null,
7 silly cache add   escapedName: null,
7 silly cache add   name: null,
7 silly cache add   rawSpec: '.',
7 silly cache add   spec: '/Users/rogerhuser/Desktop/CustomerPortalApp/CustomerApp/AmILate',
7 silly cache add   type: 'directory' }
8 verbose addLocalDirectory /Users/rogerhuser/.npm/AmLate/0.0.1/package.tgz not in flight; packing
9 verbose correctMkdir /Users/rogerhuser/.npm correctMkdir not in flight; initializing
10 info lifecycle AmLate@0.0.1~prepublish: AmLate@0.0.1
11 silly lifecycle AmLate@0.0.1~prepublish: no script for prepublish, continuing
12 info lifecycle AmLate@0.0.1~prepare: AmLate@0.0.1
13 silly lifecycle AmLate@0.0.1~prepare: no script for prepare, continuing
14 verbose tar pack [ '/Users/rogerhuser/.npm/AmLate/0.0.1/package.tgz',
14 verbose tar pack   '/Users/rogerhuser/Desktop/CustomerPortalApp/CustomerApp/AmILate' ]
15 verbose tarball /Users/rogerhuser/.npm/AmLate/0.0.1/package.tgz
16 verbose folder /Users/rogerhuser/Desktop/CustomerPortalApp/CustomerApp/AmILate
17 verbose addLocalTarball adding from inside cache /Users/rogerhuser/.npm/AmLate/0.0.1/package.tgz
18 verbose correctMkdir /Users/rogerhuser/.npm correctMkdir not in flight; initializing
19 silly cache afterAdd AmLate@0.0.1
20 verbose afterAdd /Users/rogerhuser/.npm/AmLate/0.0.1/package/package.json not in flight; writing
21 verbose correctMkdir /Users/rogerhuser/.npm correctMkdir not in flight; initializing
22 verbose afterAdd /Users/rogerhuser/.npm/AmLate/0.0.1/package/package.json written
23 silly publish { name: 'AmLate',
23 silly publish   version: '0.0.1',
23 silly publish   description: 'First custom plugin',
23 silly publish   cordova: { id: 'cordova-plugin-am-i-late', platforms: [ 'ios' ] },
23 silly publish   repository:
23 silly publish    { type: 'git',
23 silly publish      url: 'git+https://github.com/VBPrabhu/setting.git' },
23 silly publish   keywords: [ 'ecosystem:cordova', 'cordova-ios' ],
23 silly publish   author: { name: 'VenkateshPrabhu' },
23 silly publish   license: 'ISC',
23 silly publish   bugs: { url: 'https://github.com/VBPrabhu/setting/issues' },
23 silly publish   homepage: 'https://github.com/VBPrabhu/setting#readme',
23 silly publish   readme: 'ERROR: No README data found!',
23 silly publish   _id: 'AmLate@0.0.1',
23 silly publish   scripts: {},
23 silly publish   _shasum: '4f6169aee73dd7a3c51c42f6e7417ec1ea46c92d',
23 silly publish   _from: '.' }
24 info lifecycle AmLate@0.0.1~prepublishOnly: AmLate@0.0.1
25 silly lifecycle AmLate@0.0.1~prepublishOnly: no script for prepublishOnly, continuing
26 verbose getPublishConfig undefined
27 silly mapToRegistry name AmLate
28 silly mapToRegistry using default registry
29 silly mapToRegistry registry https://registry.npmjs.org/
30 silly mapToRegistry data Result {
30 silly mapToRegistry   raw: 'AmLate',
30 silly mapToRegistry   scope: null,
30 silly mapToRegistry   escapedName: 'AmLate',
30 silly mapToRegistry   name: 'AmLate',
30 silly mapToRegistry   rawSpec: '',
30 silly mapToRegistry   spec: 'latest',
30 silly mapToRegistry   type: 'tag' }
31 silly mapToRegistry uri https://registry.npmjs.org/AmLate
32 verbose publish registryBase https://registry.npmjs.org/
33 silly publish uploading /Users/rogerhuser/.npm/AmLate/0.0.1/package.tgz
34 verbose stack Error: auth required for publishing
34 verbose stack     at CachingRegistryClient.publish (/usr/local/lib/node_modules/npm/node_modules/npm-registry-client/lib/publish.js:30:14)
34 verbose stack     at /usr/local/lib/node_modules/npm/lib/publish.js:137:14
34 verbose stack     at mapToRegistry (/usr/local/lib/node_modules/npm/lib/utils/map-to-registry.js:62:3)
34 verbose stack     at publish_ (/usr/local/lib/node_modules/npm/lib/publish.js:108:3)
34 verbose stack     at Array.<anonymous> (/usr/local/lib/node_modules/npm/node_modules/slide/lib/bind-actor.js:15:8)
34 verbose stack     at LOOP (/usr/local/lib/node_modules/npm/node_modules/slide/lib/chain.js:15:14)
34 verbose stack     at /usr/local/lib/node_modules/npm/node_modules/slide/lib/chain.js:18:7
34 verbose stack     at done (/usr/local/lib/node_modules/npm/lib/utils/lifecycle.js:132:5)
34 verbose stack     at LOOP (/usr/local/lib/node_modules/npm/node_modules/slide/lib/chain.js:7:26)
34 verbose stack     at /usr/local/lib/node_modules/npm/node_modules/slide/lib/chain.js:18:7
35 verbose cwd /Users/rogerhuser/Desktop/CustomerPortalApp/CustomerApp/AmILate
36 error Darwin 16.1.0
37 error argv "/usr/local/bin/node" "/usr/local/bin/npm" "publish" "."
38 error node v4.4.7
39 error npm  v4.0.5
40 error code ENEEDAUTH
41 error need auth auth required for publishing
42 error need auth You need to authorize this machine using `npm adduser`
43 verbose exit [ 1, true ]
